<?xml version="1.0" encoding="UTF-8"?>
<!-- Generated by org.testng.reporters.JUnitXMLReporter -->
<testsuite ignored="0" hostname="DESKTOP-5B09V89" failures="1" tests="2" name="Test" time="25.362" errors="0" timestamp="2025-07-01T06:24:09 IST">
  <testcase classname="testCases.TC001_AccountRegistrationTest" name="verify_Account_Registration" time="4.602"/>
  <testcase classname="testCases.TC002_LoginTest" name="VerifyLogin" time="13.074">
    <failure type="java.lang.AssertionError" message="expected [true] but found [false]">
      <![CDATA[java.lang.AssertionError: expected [true] but found [false]
at testCases.TC002_LoginTest.VerifyLogin(TC002_LoginTest.java:31)
at java.base/java.util.ArrayList.forEach(ArrayList.java:1596)
... Removed 33 stack frames]]>
    </failure>
  </testcase> <!-- VerifyLogin -->
</testsuite> <!-- Test -->
