<?xml version="1.0" encoding="UTF-8"?>
<!-- Generated by org.testng.reporters.JUnitXMLReporter -->
<testsuite ignored="0" hostname="DESKTOP-5B09V89" failures="0" tests="8" name="Test" time="64.538" errors="0" timestamp="2025-06-29T06:46:39 IST">
  <testcase classname="testCases.TC001_AccountRegistrationTest" name="verify_Account_Registration" time="3.147"/>
  <testcase classname="testCases.TC002_LoginTest" name="VerifyLogin" time="2.192"/>
  <testcase classname="testCases.TC003_LoginTestDDT" name="Verify_LoginDDT" time="2.691"/>
  <testcase classname="testCases.TC003_LoginTestDDT" name="Verify_LoginDDT" time="10.856"/>
  <testcase classname="testCases.TC003_LoginTestDDT" name="Verify_LoginDDT" time="12.057"/>
  <testcase classname="testCases.TC003_LoginTestDDT" name="Verify_LoginDDT" time="10.852"/>
  <testcase classname="testCases.TC003_LoginTestDDT" name="Verify_LoginDDT" time="2.417"/>
  <testcase classname="testCases.TC003_LoginTestDDT" name="Verify_LoginDDT" time="10.986"/>
</testsuite> <!-- Test -->
