<?xml version="1.0" encoding="UTF-8"?>
<testng-results ignored="0" total="2" passed="2" failed="0" skipped="0">
  <reporter-output>
  </reporter-output>
  <suite started-at="2025-07-01T10:49:38 IST" name="Suite" finished-at="2025-07-01T10:49:57 IST" duration-ms="18350">
    <groups>
      <group name="Master">
        <method signature="TC001_AccountRegistrationTest.verify_Account_Registration()[pri:0, instance:testCases.TC001_AccountRegistrationTest@736caf7a]" name="verify_Account_Registration" class="testCases.TC001_AccountRegistrationTest"/>
        <method signature="TC002_LoginTest.VerifyLogin()[pri:0, instance:testCases.TC002_LoginTest@6bbe2511]" name="VerifyLogin" class="testCases.TC002_LoginTest"/>
      </group> <!-- Master -->
      <group name="Sanity">
        <method signature="TC002_LoginTest.VerifyLogin()[pri:0, instance:testCases.TC002_LoginTest@6bbe2511]" name="VerifyLogin" class="testCases.TC002_LoginTest"/>
      </group> <!-- Sanity -->
      <group name="Regression">
        <method signature="TC001_AccountRegistrationTest.verify_Account_Registration()[pri:0, instance:testCases.TC001_AccountRegistrationTest@736caf7a]" name="verify_Account_Registration" class="testCases.TC001_AccountRegistrationTest"/>
      </group> <!-- Regression -->
    </groups>
    <test started-at="2025-07-01T10:49:38 IST" name="Test" finished-at="2025-07-01T10:49:57 IST" duration-ms="18350">
      <class name="testCases.TC002_LoginTest">
        <test-method is-config="true" signature="setup(java.lang.String,java.lang.String)[pri:0, instance:testCases.TC002_LoginTest@6bbe2511]" started-at="2025-07-01T10:49:50 IST" name="setup" finished-at="2025-07-01T10:49:53 IST" duration-ms="2970" status="PASS">
          <params>
            <param index="0">
              <value>
                <![CDATA[windows]]>
              </value>
            </param>
            <param index="1">
              <value>
                <![CDATA[chrome]]>
              </value>
            </param>
          </params>
          <reporter-output>
          </reporter-output>
        </test-method> <!-- setup -->
        <test-method signature="VerifyLogin()[pri:0, instance:testCases.TC002_LoginTest@6bbe2511]" started-at="2025-07-01T10:49:53 IST" name="VerifyLogin" finished-at="2025-07-01T10:49:57 IST" duration-ms="3428" status="PASS">
          <reporter-output>
          </reporter-output>
        </test-method> <!-- VerifyLogin -->
        <test-method is-config="true" signature="tearDown()[pri:0, instance:testCases.TC002_LoginTest@6bbe2511]" started-at="2025-07-01T10:49:57 IST" name="tearDown" finished-at="2025-07-01T10:49:57 IST" duration-ms="250" status="PASS">
          <reporter-output>
          </reporter-output>
        </test-method> <!-- tearDown -->
      </class> <!-- testCases.TC002_LoginTest -->
      <class name="testCases.TC001_AccountRegistrationTest">
        <test-method is-config="true" signature="setup(java.lang.String,java.lang.String)[pri:0, instance:testCases.TC001_AccountRegistrationTest@736caf7a]" started-at="2025-07-01T10:49:39 IST" name="setup" finished-at="2025-07-01T10:49:45 IST" duration-ms="5693" status="PASS">
          <params>
            <param index="0">
              <value>
                <![CDATA[windows]]>
              </value>
            </param>
            <param index="1">
              <value>
                <![CDATA[chrome]]>
              </value>
            </param>
          </params>
          <reporter-output>
          </reporter-output>
        </test-method> <!-- setup -->
        <test-method signature="verify_Account_Registration()[pri:0, instance:testCases.TC001_AccountRegistrationTest@736caf7a]" started-at="2025-07-01T10:49:45 IST" name="verify_Account_Registration" finished-at="2025-07-01T10:49:50 IST" duration-ms="5209" status="PASS">
          <reporter-output>
          </reporter-output>
        </test-method> <!-- verify_Account_Registration -->
        <test-method is-config="true" signature="tearDown()[pri:0, instance:testCases.TC001_AccountRegistrationTest@736caf7a]" started-at="2025-07-01T10:49:50 IST" name="tearDown" finished-at="2025-07-01T10:49:50 IST" duration-ms="352" status="PASS">
          <reporter-output>
          </reporter-output>
        </test-method> <!-- tearDown -->
      </class> <!-- testCases.TC001_AccountRegistrationTest -->
    </test> <!-- Test -->
  </suite> <!-- Suite -->
</testng-results>
