<?xml version="1.0" encoding="UTF-8"?>
<testsuite xmlns:xsi="http://www.w3.org/2001/XMLSchema-instance" xsi:noNamespaceSchemaLocation="https://maven.apache.org/surefire/maven-surefire-plugin/xsd/surefire-test-report.xsd" version="3.0.2" name="TestSuite" time="67.145" tests="8" errors="0" skipped="0" failures="0">
  <properties>
[...]
</properties>
  <testcase name="verify_Account_Registration" classname="testCases.TC001_AccountRegistrationTest" time="3.154">
    <system-out><![CDATA[2025-06-29T01:15:32.944273400Z main INFO Starting configuration XmlConfiguration[location=E:\Srini_Automation\Workspace1\OpencartV122\target\test-classes\log4j2.xml, lastModified=2025-06-24T08:54:07.869Z]...
2025-06-29T01:15:32.947521Z main INFO Start watching for changes to E:\Srini_Automation\Workspace1\OpencartV122\target\test-classes\log4j2.xml every 0 seconds
2025-06-29T01:15:32.947521Z main INFO Configuration XmlConfiguration[location=E:\Srini_Automation\Workspace1\OpencartV122\target\test-classes\log4j2.xml, lastModified=2025-06-24T08:54:07.869Z] started.
2025-06-29T01:15:32.950879500Z main INFO Stopping configuration org.apache.logging.log4j.core.config.DefaultConfiguration@3427b02d...
2025-06-29T01:15:32.950879500Z main INFO Configuration org.apache.logging.log4j.core.config.DefaultConfiguration@3427b02d stopped.
06:45:32.998 [main] DEBUG org.testng.TestNG - suiteXmlPath: "E:\Srini_Automation\Workspace1\OpencartV122\master.xml"
06:45:36.661 [main] INFO  testCases.TC001_AccountRegistrationTest - Starting of TC001_AccountRegistrationTest
06:45:36.956 [main] INFO  testCases.TC001_AccountRegistrationTest - Clicked on MyAccount link
06:45:37.704 [main] INFO  testCases.TC001_AccountRegistrationTest - Clicked on Register link
06:45:37.707 [main] INFO  testCases.TC001_AccountRegistrationTest - Providing customer details
06:45:38.266 [main] INFO  testCases.TC001_AccountRegistrationTest - Clicked on Privacy Policy checkbox
06:45:39.742 [main] INFO  testCases.TC001_AccountRegistrationTest - Clicked in Continue
06:45:39.742 [main] INFO  testCases.TC001_AccountRegistrationTest - Validation of confirmation message..
06:45:39.802 [main] INFO  testCases.TC001_AccountRegistrationTest - End of TC001_AccountRegistrationTest
]]></system-out>
  </testcase>
  <testcase name="VerifyLogin" classname="testCases.TC002_LoginTest" time="2.192">
    <system-out><![CDATA[06:45:42.131 [main] INFO  testCases.TC002_LoginTest - Starting of TC002_LoginTest
06:45:44.321 [main] INFO  testCases.TC002_LoginTest - End of TC002_LoginTest
]]></system-out>
  </testcase>
  <testcase name="Verify_LoginDDT[srinib457@gmail.com, Srini@457, Valid](1)" classname="testCases.TC003_LoginTestDDT" time="2.692">
    <system-out><![CDATA[06:45:46.746 [main] DEBUG org.apache.poi.openxml4j.opc.PackageRelationshipCollection - Parsing relationship: /xl/_rels/workbook.xml.rels
06:45:46.753 [main] DEBUG org.apache.poi.openxml4j.opc.PackageRelationshipCollection - Parsing relationship: /xl/worksheets/_rels/sheet1.xml.rels
06:45:46.757 [main] DEBUG org.apache.poi.openxml4j.opc.PackageRelationshipCollection - Parsing relationship: /_rels/.rels
06:45:47.164 [main] DEBUG org.apache.poi.ooxml.POIXMLFactory - using default POIXMLDocumentPart for http://schemas.openxmlformats.org/officeDocument/2006/relationships/printerSettings
06:45:47.263 [main] DEBUG org.apache.poi.openxml4j.opc.PackageRelationshipCollection - Parsing relationship: /xl/_rels/workbook.xml.rels
06:45:47.264 [main] DEBUG org.apache.poi.openxml4j.opc.PackageRelationshipCollection - Parsing relationship: /xl/worksheets/_rels/sheet1.xml.rels
06:45:47.265 [main] DEBUG org.apache.poi.openxml4j.opc.PackageRelationshipCollection - Parsing relationship: /_rels/.rels
06:45:47.274 [main] DEBUG org.apache.poi.ooxml.POIXMLFactory - using default POIXMLDocumentPart for http://schemas.openxmlformats.org/officeDocument/2006/relationships/printerSettings
06:45:47.286 [main] DEBUG org.apache.poi.openxml4j.opc.PackageRelationshipCollection - Parsing relationship: /xl/_rels/workbook.xml.rels
06:45:47.287 [main] DEBUG org.apache.poi.openxml4j.opc.PackageRelationshipCollection - Parsing relationship: /xl/worksheets/_rels/sheet1.xml.rels
06:45:47.292 [main] DEBUG org.apache.poi.openxml4j.opc.PackageRelationshipCollection - Parsing relationship: /_rels/.rels
06:45:47.302 [main] DEBUG org.apache.poi.ooxml.POIXMLFactory - using default POIXMLDocumentPart for http://schemas.openxmlformats.org/officeDocument/2006/relationships/printerSettings
06:45:47.319 [main] DEBUG org.apache.poi.openxml4j.opc.PackageRelationshipCollection - Parsing relationship: /xl/_rels/workbook.xml.rels
06:45:47.319 [main] DEBUG org.apache.poi.openxml4j.opc.PackageRelationshipCollection - Parsing relationship: /xl/worksheets/_rels/sheet1.xml.rels
06:45:47.322 [main] DEBUG org.apache.poi.openxml4j.opc.PackageRelationshipCollection - Parsing relationship: /_rels/.rels
06:45:47.333 [main] DEBUG org.apache.poi.ooxml.POIXMLFactory - using default POIXMLDocumentPart for http://schemas.openxmlformats.org/officeDocument/2006/relationships/printerSettings
06:45:47.343 [main] DEBUG org.apache.poi.openxml4j.opc.PackageRelationshipCollection - Parsing relationship: /xl/_rels/workbook.xml.rels
06:45:47.344 [main] DEBUG org.apache.poi.openxml4j.opc.PackageRelationshipCollection - Parsing relationship: /xl/worksheets/_rels/sheet1.xml.rels
06:45:47.346 [main] DEBUG org.apache.poi.openxml4j.opc.PackageRelationshipCollection - Parsing relationship: /_rels/.rels
06:45:47.356 [main] DEBUG org.apache.poi.ooxml.POIXMLFactory - using default POIXMLDocumentPart for http://schemas.openxmlformats.org/officeDocument/2006/relationships/printerSettings
06:45:47.366 [main] DEBUG org.apache.poi.openxml4j.opc.PackageRelationshipCollection - Parsing relationship: /xl/_rels/workbook.xml.rels
06:45:47.368 [main] DEBUG org.apache.poi.openxml4j.opc.PackageRelationshipCollection - Parsing relationship: /xl/worksheets/_rels/sheet1.xml.rels
06:45:47.369 [main] DEBUG org.apache.poi.openxml4j.opc.PackageRelationshipCollection - Parsing relationship: /_rels/.rels
06:45:47.376 [main] DEBUG org.apache.poi.ooxml.POIXMLFactory - using default POIXMLDocumentPart for http://schemas.openxmlformats.org/officeDocument/2006/relationships/printerSettings
06:45:47.390 [main] DEBUG org.apache.poi.openxml4j.opc.PackageRelationshipCollection - Parsing relationship: /xl/_rels/workbook.xml.rels
06:45:47.391 [main] DEBUG org.apache.poi.openxml4j.opc.PackageRelationshipCollection - Parsing relationship: /xl/worksheets/_rels/sheet1.xml.rels
06:45:47.392 [main] DEBUG org.apache.poi.openxml4j.opc.PackageRelationshipCollection - Parsing relationship: /_rels/.rels
06:45:47.401 [main] DEBUG org.apache.poi.ooxml.POIXMLFactory - using default POIXMLDocumentPart for http://schemas.openxmlformats.org/officeDocument/2006/relationships/printerSettings
06:45:47.410 [main] DEBUG org.apache.poi.openxml4j.opc.PackageRelationshipCollection - Parsing relationship: /xl/_rels/workbook.xml.rels
06:45:47.411 [main] DEBUG org.apache.poi.openxml4j.opc.PackageRelationshipCollection - Parsing relationship: /xl/worksheets/_rels/sheet1.xml.rels
06:45:47.411 [main] DEBUG org.apache.poi.openxml4j.opc.PackageRelationshipCollection - Parsing relationship: /_rels/.rels
06:45:47.420 [main] DEBUG org.apache.poi.ooxml.POIXMLFactory - using default POIXMLDocumentPart for http://schemas.openxmlformats.org/officeDocument/2006/relationships/printerSettings
06:45:47.431 [main] DEBUG org.apache.poi.openxml4j.opc.PackageRelationshipCollection - Parsing relationship: /xl/_rels/workbook.xml.rels
06:45:47.432 [main] DEBUG org.apache.poi.openxml4j.opc.PackageRelationshipCollection - Parsing relationship: /xl/worksheets/_rels/sheet1.xml.rels
06:45:47.433 [main] DEBUG org.apache.poi.openxml4j.opc.PackageRelationshipCollection - Parsing relationship: /_rels/.rels
06:45:47.443 [main] DEBUG org.apache.poi.ooxml.POIXMLFactory - using default POIXMLDocumentPart for http://schemas.openxmlformats.org/officeDocument/2006/relationships/printerSettings
06:45:47.454 [main] DEBUG org.apache.poi.openxml4j.opc.PackageRelationshipCollection - Parsing relationship: /xl/_rels/workbook.xml.rels
06:45:47.454 [main] DEBUG org.apache.poi.openxml4j.opc.PackageRelationshipCollection - Parsing relationship: /xl/worksheets/_rels/sheet1.xml.rels
06:45:47.455 [main] DEBUG org.apache.poi.openxml4j.opc.PackageRelationshipCollection - Parsing relationship: /_rels/.rels
06:45:47.462 [main] DEBUG org.apache.poi.ooxml.POIXMLFactory - using default POIXMLDocumentPart for http://schemas.openxmlformats.org/officeDocument/2006/relationships/printerSettings
06:45:47.472 [main] DEBUG org.apache.poi.openxml4j.opc.PackageRelationshipCollection - Parsing relationship: /xl/_rels/workbook.xml.rels
06:45:47.473 [main] DEBUG org.apache.poi.openxml4j.opc.PackageRelationshipCollection - Parsing relationship: /xl/worksheets/_rels/sheet1.xml.rels
06:45:47.473 [main] DEBUG org.apache.poi.openxml4j.opc.PackageRelationshipCollection - Parsing relationship: /_rels/.rels
06:45:47.480 [main] DEBUG org.apache.poi.ooxml.POIXMLFactory - using default POIXMLDocumentPart for http://schemas.openxmlformats.org/officeDocument/2006/relationships/printerSettings
06:45:47.488 [main] DEBUG org.apache.poi.openxml4j.opc.PackageRelationshipCollection - Parsing relationship: /xl/_rels/workbook.xml.rels
06:45:47.489 [main] DEBUG org.apache.poi.openxml4j.opc.PackageRelationshipCollection - Parsing relationship: /xl/worksheets/_rels/sheet1.xml.rels
06:45:47.491 [main] DEBUG org.apache.poi.openxml4j.opc.PackageRelationshipCollection - Parsing relationship: /_rels/.rels
06:45:47.498 [main] DEBUG org.apache.poi.ooxml.POIXMLFactory - using default POIXMLDocumentPart for http://schemas.openxmlformats.org/officeDocument/2006/relationships/printerSettings
06:45:47.507 [main] DEBUG org.apache.poi.openxml4j.opc.PackageRelationshipCollection - Parsing relationship: /xl/_rels/workbook.xml.rels
06:45:47.507 [main] DEBUG org.apache.poi.openxml4j.opc.PackageRelationshipCollection - Parsing relationship: /xl/worksheets/_rels/sheet1.xml.rels
06:45:47.508 [main] DEBUG org.apache.poi.openxml4j.opc.PackageRelationshipCollection - Parsing relationship: /_rels/.rels
06:45:47.513 [main] DEBUG org.apache.poi.ooxml.POIXMLFactory - using default POIXMLDocumentPart for http://schemas.openxmlformats.org/officeDocument/2006/relationships/printerSettings
06:45:47.527 [main] DEBUG org.apache.poi.openxml4j.opc.PackageRelationshipCollection - Parsing relationship: /xl/_rels/workbook.xml.rels
06:45:47.528 [main] DEBUG org.apache.poi.openxml4j.opc.PackageRelationshipCollection - Parsing relationship: /xl/worksheets/_rels/sheet1.xml.rels
06:45:47.530 [main] DEBUG org.apache.poi.openxml4j.opc.PackageRelationshipCollection - Parsing relationship: /_rels/.rels
06:45:47.537 [main] DEBUG org.apache.poi.ooxml.POIXMLFactory - using default POIXMLDocumentPart for http://schemas.openxmlformats.org/officeDocument/2006/relationships/printerSettings
06:45:47.548 [main] DEBUG org.apache.poi.openxml4j.opc.PackageRelationshipCollection - Parsing relationship: /xl/_rels/workbook.xml.rels
06:45:47.549 [main] DEBUG org.apache.poi.openxml4j.opc.PackageRelationshipCollection - Parsing relationship: /xl/worksheets/_rels/sheet1.xml.rels
06:45:47.550 [main] DEBUG org.apache.poi.openxml4j.opc.PackageRelationshipCollection - Parsing relationship: /_rels/.rels
06:45:47.557 [main] DEBUG org.apache.poi.ooxml.POIXMLFactory - using default POIXMLDocumentPart for http://schemas.openxmlformats.org/officeDocument/2006/relationships/printerSettings
06:45:47.565 [main] DEBUG org.apache.poi.openxml4j.opc.PackageRelationshipCollection - Parsing relationship: /xl/_rels/workbook.xml.rels
06:45:47.565 [main] DEBUG org.apache.poi.openxml4j.opc.PackageRelationshipCollection - Parsing relationship: /xl/worksheets/_rels/sheet1.xml.rels
06:45:47.566 [main] DEBUG org.apache.poi.openxml4j.opc.PackageRelationshipCollection - Parsing relationship: /_rels/.rels
06:45:47.572 [main] DEBUG org.apache.poi.ooxml.POIXMLFactory - using default POIXMLDocumentPart for http://schemas.openxmlformats.org/officeDocument/2006/relationships/printerSettings
06:45:47.579 [main] DEBUG org.apache.poi.openxml4j.opc.PackageRelationshipCollection - Parsing relationship: /xl/_rels/workbook.xml.rels
06:45:47.580 [main] DEBUG org.apache.poi.openxml4j.opc.PackageRelationshipCollection - Parsing relationship: /xl/worksheets/_rels/sheet1.xml.rels
06:45:47.580 [main] DEBUG org.apache.poi.openxml4j.opc.PackageRelationshipCollection - Parsing relationship: /_rels/.rels
06:45:47.586 [main] DEBUG org.apache.poi.ooxml.POIXMLFactory - using default POIXMLDocumentPart for http://schemas.openxmlformats.org/officeDocument/2006/relationships/printerSettings
06:45:47.595 [main] DEBUG org.apache.poi.openxml4j.opc.PackageRelationshipCollection - Parsing relationship: /xl/_rels/workbook.xml.rels
06:45:47.596 [main] DEBUG org.apache.poi.openxml4j.opc.PackageRelationshipCollection - Parsing relationship: /xl/worksheets/_rels/sheet1.xml.rels
06:45:47.597 [main] DEBUG org.apache.poi.openxml4j.opc.PackageRelationshipCollection - Parsing relationship: /_rels/.rels
06:45:47.603 [main] DEBUG org.apache.poi.ooxml.POIXMLFactory - using default POIXMLDocumentPart for http://schemas.openxmlformats.org/officeDocument/2006/relationships/printerSettings
06:45:47.610 [main] DEBUG org.apache.poi.openxml4j.opc.PackageRelationshipCollection - Parsing relationship: /xl/_rels/workbook.xml.rels
06:45:47.611 [main] DEBUG org.apache.poi.openxml4j.opc.PackageRelationshipCollection - Parsing relationship: /xl/worksheets/_rels/sheet1.xml.rels
06:45:47.613 [main] DEBUG org.apache.poi.openxml4j.opc.PackageRelationshipCollection - Parsing relationship: /_rels/.rels
06:45:47.620 [main] DEBUG org.apache.poi.ooxml.POIXMLFactory - using default POIXMLDocumentPart for http://schemas.openxmlformats.org/officeDocument/2006/relationships/printerSettings
06:45:47.628 [main] DEBUG org.apache.poi.openxml4j.opc.PackageRelationshipCollection - Parsing relationship: /xl/_rels/workbook.xml.rels
06:45:47.628 [main] DEBUG org.apache.poi.openxml4j.opc.PackageRelationshipCollection - Parsing relationship: /xl/worksheets/_rels/sheet1.xml.rels
06:45:47.629 [main] DEBUG org.apache.poi.openxml4j.opc.PackageRelationshipCollection - Parsing relationship: /_rels/.rels
06:45:47.635 [main] DEBUG org.apache.poi.ooxml.POIXMLFactory - using default POIXMLDocumentPart for http://schemas.openxmlformats.org/officeDocument/2006/relationships/printerSettings
06:45:47.644 [main] INFO  testCases.TC003_LoginTestDDT - Starting of TC003_LoginTestDDT
06:45:50.332 [main] INFO  testCases.TC003_LoginTestDDT - End of TC003_LoginTestDDT
]]></system-out>
  </testcase>
  <testcase name="Verify_LoginDDT[abcd123@yahoo.com, abcd@123, Invalid](2)" classname="testCases.TC003_LoginTestDDT" time="10.869">
    <system-out><![CDATA[06:45:50.335 [main] INFO  testCases.TC003_LoginTestDDT - Starting of TC003_LoginTestDDT
06:46:01.191 [main] INFO  testCases.TC003_LoginTestDDT - End of TC003_LoginTestDDT
]]></system-out>
  </testcase>
  <testcase name="Verify_LoginDDT[manoj@yahoo.com, manoj123, Invalid](3)" classname="testCases.TC003_LoginTestDDT" time="12.059">
    <system-out><![CDATA[06:46:01.205 [main] INFO  testCases.TC003_LoginTestDDT - Starting of TC003_LoginTestDDT
06:46:13.262 [main] INFO  testCases.TC003_LoginTestDDT - End of TC003_LoginTestDDT
]]></system-out>
  </testcase>
  <testcase name="Verify_LoginDDT[laks@yahoo.com, xyz, Invalid](4)" classname="testCases.TC003_LoginTestDDT" time="10.862">
    <system-out><![CDATA[06:46:13.264 [main] INFO  testCases.TC003_LoginTestDDT - Starting of TC003_LoginTestDDT
06:46:24.116 [main] INFO  testCases.TC003_LoginTestDDT - End of TC003_LoginTestDDT
]]></system-out>
  </testcase>
  <testcase name="Verify_LoginDDT[abc123@gmail.com, test@123, Valid](5)" classname="testCases.TC003_LoginTestDDT" time="2.417">
    <system-out><![CDATA[06:46:24.126 [main] INFO  testCases.TC003_LoginTestDDT - Starting of TC003_LoginTestDDT
06:46:26.541 [main] INFO  testCases.TC003_LoginTestDDT - End of TC003_LoginTestDDT
]]></system-out>
  </testcase>
  <testcase name="Verify_LoginDDT[, test@123, Invalid](6)" classname="testCases.TC003_LoginTestDDT" time="10.986">
    <system-out><![CDATA[06:46:26.545 [main] INFO  testCases.TC003_LoginTestDDT - Starting of TC003_LoginTestDDT
06:46:37.529 [main] INFO  testCases.TC003_LoginTestDDT - End of TC003_LoginTestDDT
]]></system-out>
  </testcase>
</testsuite>