<?xml version="1.0" encoding="UTF-8"?>
<testsuite xmlns:xsi="http://www.w3.org/2001/XMLSchema-instance" xsi:noNamespaceSchemaLocation="https://maven.apache.org/surefire/maven-surefire-plugin/xsd/surefire-test-report.xsd" version="3.0.2" name="TestSuite" time="29.798" tests="2" errors="0" skipped="0" failures="1">
  <properties>
[...]
</properties>
  <testcase name="verify_Account_Registration" classname="testCases.TC001_AccountRegistrationTest" time="4.62">
    <system-out><![CDATA[2025-07-01T00:53:41.165536500Z main INFO Starting configuration XmlConfiguration[location=E:\Srini_Automation\Workspace1\OpencartV122\target\test-classes\log4j2.xml, lastModified=2025-06-24T08:54:07.869Z]...
2025-07-01T00:53:41.170531Z main INFO Start watching for changes to E:\Srini_Automation\Workspace1\OpencartV122\target\test-classes\log4j2.xml every 0 seconds
2025-07-01T00:53:41.171853400Z main INFO Configuration XmlConfiguration[location=E:\Srini_Automation\Workspace1\OpencartV122\target\test-classes\log4j2.xml, lastModified=2025-06-24T08:54:07.869Z] started.
2025-07-01T00:53:41.190494900Z main INFO Stopping configuration org.apache.logging.log4j.core.config.DefaultConfiguration@3427b02d...
2025-07-01T00:53:41.190494900Z main INFO Configuration org.apache.logging.log4j.core.config.DefaultConfiguration@3427b02d stopped.
06:23:41.263 [main] DEBUG org.testng.TestNG - suiteXmlPath: "E:\Srini_Automation\Workspace1\OpencartV122\master.xml"
06:23:45.653 [main] INFO  testCases.TC001_AccountRegistrationTest - Starting of TC001_AccountRegistrationTest
06:23:46.197 [main] INFO  testCases.TC001_AccountRegistrationTest - Clicked on MyAccount link
06:23:47.332 [main] INFO  testCases.TC001_AccountRegistrationTest - Clicked on Register link
06:23:47.335 [main] INFO  testCases.TC001_AccountRegistrationTest - Providing customer details
06:23:48.539 [main] INFO  testCases.TC001_AccountRegistrationTest - Clicked on Privacy Policy checkbox
06:23:50.106 [main] INFO  testCases.TC001_AccountRegistrationTest - Clicked in Continue
06:23:50.107 [main] INFO  testCases.TC001_AccountRegistrationTest - Validation of confirmation message..
06:23:50.248 [main] INFO  testCases.TC001_AccountRegistrationTest - End of TC001_AccountRegistrationTest
]]></system-out>
  </testcase>
  <testcase name="VerifyLogin" classname="testCases.TC002_LoginTest" time="13.286">
    <failure message="expected [true] but found [false]" type="java.lang.AssertionError"><![CDATA[java.lang.AssertionError: expected [true] but found [false]
	at org.testng.Assert.fail(Assert.java:111)
	at org.testng.Assert.failNotEquals(Assert.java:1590)
	at org.testng.Assert.assertTrue(Assert.java:57)
	at org.testng.Assert.assertTrue(Assert.java:67)
	at testCases.TC002_LoginTest.VerifyLogin(TC002_LoginTest.java:31)
	at java.base/jdk.internal.reflect.DirectMethodHandleAccessor.invoke(DirectMethodHandleAccessor.java:103)
	at java.base/java.lang.reflect.Method.invoke(Method.java:580)
	at org.testng.internal.invokers.MethodInvocationHelper.invokeMethod(MethodInvocationHelper.java:141)
	at org.testng.internal.invokers.TestInvoker.invokeMethod(TestInvoker.java:687)
	at org.testng.internal.invokers.TestInvoker.invokeTestMethod(TestInvoker.java:230)
	at org.testng.internal.invokers.MethodRunner.runInSequence(MethodRunner.java:63)
	at org.testng.internal.invokers.TestInvoker$MethodInvocationAgent.invoke(TestInvoker.java:995)
	at org.testng.internal.invokers.TestInvoker.invokeTestMethods(TestInvoker.java:203)
	at org.testng.internal.invokers.TestMethodWorker.invokeTestMethods(TestMethodWorker.java:154)
	at org.testng.internal.invokers.TestMethodWorker.run(TestMethodWorker.java:134)
	at java.base/java.util.ArrayList.forEach(ArrayList.java:1596)
	at org.testng.TestRunner.privateRun(TestRunner.java:741)
	at org.testng.TestRunner.run(TestRunner.java:616)
	at org.testng.SuiteRunner.runTest(SuiteRunner.java:421)
	at org.testng.SuiteRunner.runSequentially(SuiteRunner.java:413)
	at org.testng.SuiteRunner.privateRun(SuiteRunner.java:373)
	at org.testng.SuiteRunner.run(SuiteRunner.java:312)
	at org.testng.SuiteRunnerWorker.runSuite(SuiteRunnerWorker.java:52)
	at org.testng.SuiteRunnerWorker.run(SuiteRunnerWorker.java:95)
	at org.testng.TestNG.runSuitesSequentially(TestNG.java:1274)
	at org.testng.TestNG.runSuitesLocally(TestNG.java:1208)
	at org.testng.TestNG.runSuites(TestNG.java:1112)
	at org.testng.TestNG.run(TestNG.java:1079)
	at org.apache.maven.surefire.testng.TestNGExecutor.run(TestNGExecutor.java:308)
	at org.apache.maven.surefire.testng.TestNGXmlTestSuite.execute(TestNGXmlTestSuite.java:71)
	at org.apache.maven.surefire.testng.TestNGProvider.invoke(TestNGProvider.java:113)
	at org.apache.maven.surefire.booter.ForkedBooter.runSuitesInProcess(ForkedBooter.java:385)
	at org.apache.maven.surefire.booter.ForkedBooter.execute(ForkedBooter.java:162)
	at org.apache.maven.surefire.booter.ForkedBooter.run(ForkedBooter.java:507)
	at org.apache.maven.surefire.booter.ForkedBooter.main(ForkedBooter.java:495)
]]></failure>
    <system-out><![CDATA[06:23:53.459 [main] INFO  testCases.TC002_LoginTest - Starting of TC002_LoginTest
]]></system-out>
  </testcase>
</testsuite>