<?xml version="1.0" encoding="UTF-8"?>
<testng-results ignored="0" total="1" passed="1" failed="0" skipped="0">
  <reporter-output>
  </reporter-output>
  <suite started-at="2025-06-25T16:11:12 IST" name="Failed suite [Suite]" finished-at="2025-06-25T16:11:20 IST" duration-ms="7888">
    <groups>
      <group name="Master">
        <method signature="TC002_LoginTest.VerifyLogin()[pri:0, instance:testCases.TC002_LoginTest@34f7234e]" name="VerifyLogin" class="testCases.TC002_LoginTest"/>
      </group> <!-- Master -->
      <group name="Sanity">
        <method signature="TC002_LoginTest.VerifyLogin()[pri:0, instance:testCases.TC002_LoginTest@34f7234e]" name="VerifyLogin" class="testCases.TC002_LoginTest"/>
      </group> <!-- Sanity -->
    </groups>
    <test started-at="2025-06-25T16:11:12 IST" name="Test(failed)" finished-at="2025-06-25T16:11:20 IST" duration-ms="7888">
      <class name="testCases.TC002_LoginTest">
        <test-method is-config="true" signature="setup(java.lang.String,java.lang.String)[pri:0, instance:testCases.TC002_LoginTest@34f7234e]" started-at="2025-06-25T16:11:12 IST" name="setup" finished-at="2025-06-25T16:11:17 IST" duration-ms="5187" status="PASS">
          <params>
            <param index="0">
              <value>
                <![CDATA[windows]]>
              </value>
            </param>
            <param index="1">
              <value>
                <![CDATA[chrome]]>
              </value>
            </param>
          </params>
          <reporter-output>
          </reporter-output>
        </test-method> <!-- setup -->
        <test-method signature="VerifyLogin()[pri:0, instance:testCases.TC002_LoginTest@34f7234e]" started-at="2025-06-25T16:11:17 IST" name="VerifyLogin" finished-at="2025-06-25T16:11:20 IST" duration-ms="2326" status="PASS">
          <reporter-output>
          </reporter-output>
        </test-method> <!-- VerifyLogin -->
        <test-method is-config="true" signature="tearDown()[pri:0, instance:testCases.TC002_LoginTest@34f7234e]" started-at="2025-06-25T16:11:20 IST" name="tearDown" finished-at="2025-06-25T16:11:20 IST" duration-ms="175" status="PASS">
          <reporter-output>
          </reporter-output>
        </test-method> <!-- tearDown -->
      </class> <!-- testCases.TC002_LoginTest -->
    </test> <!-- Test(failed) -->
  </suite> <!-- Failed suite [Suite] -->
</testng-results>
